  Building Custom Rule C:/Users/prmat/OneDrive - Ecole Polytechnique/Documents/11_Python/Tout/NPM3D/Project/Fast-Robust-ICP/CMakeLists.txt
cl : command line  warning D9002: ignoring unknown option '-std=c++14'
cl : command line  warning D9002: ignoring unknown option '-fopenmp'
  main.cpp
C:\Users\prmat\OneDrive - Ecole Polytechnique\Documents\11_Python\Tout\NPM3D\Project\Fast-Robust-ICP\ICP.h(618,17): warning C4244: 'initializing': conversion from 'double' to 'int', possible loss of data
  (compiling source file '../main.cpp')
  
C:\Users\prmat\OneDrive - Ecole Polytechnique\Documents\11_Python\Tout\NPM3D\Project\Fast-Robust-ICP\ICP.h(701,17): warning C4244: 'initializing': conversion from 'double' to 'int', possible loss of data
  (compiling source file '../main.cpp')
  
C:\Users\prmat\OneDrive - Ecole Polytechnique\Documents\11_Python\Tout\NPM3D\Project\Fast-Robust-ICP\ICP.h(772,29): warning C4996: 'Eigen::MatrixBase<Derived>::eulerAngles': Use .canonicalEulerAngles() instead.
C:\Users\prmat\OneDrive - Ecole Polytechnique\Documents\11_Python\Tout\NPM3D\Project\Fast-Robust-ICP\ICP.h(772,29): warning C4996:         with
C:\Users\prmat\OneDrive - Ecole Polytechnique\Documents\11_Python\Tout\NPM3D\Project\Fast-Robust-ICP\ICP.h(772,29): warning C4996:         [
C:\Users\prmat\OneDrive - Ecole Polytechnique\Documents\11_Python\Tout\NPM3D\Project\Fast-Robust-ICP\ICP.h(772,29): warning C4996:             Derived=Eigen::Matrix<double,3,3,0,3,3>
C:\Users\prmat\OneDrive - Ecole Polytechnique\Documents\11_Python\Tout\NPM3D\Project\Fast-Robust-ICP\ICP.h(772,29): warning C4996:         ]
  (compiling source file '../main.cpp')
  
C:\Users\prmat\OneDrive - Ecole Polytechnique\Documents\11_Python\Tout\NPM3D\Project\Fast-Robust-ICP\io_pc.h(158,22): warning C4267: '=': conversion from 'size_t' to 'int', possible loss of data
  (compiling source file '../main.cpp')
      C:\Users\prmat\OneDrive - Ecole Polytechnique\Documents\11_Python\Tout\NPM3D\Project\Fast-Robust-ICP\io_pc.h(158,22):
      the template instantiation context (the oldest one first) is
          C:\Users\prmat\OneDrive - Ecole Polytechnique\Documents\11_Python\Tout\NPM3D\Project\Fast-Robust-ICP\main.cpp(82,9):
          see reference to function template instantiation 'bool read_transMat<MatrixXX>(MatrixType &,const std::string &)' being compiled
          with
          [
              MatrixType=MatrixXX
          ]
  
C:\Users\prmat\OneDrive - Ecole Polytechnique\Documents\11_Python\Tout\NPM3D\Project\Fast-Robust-ICP\io_pc.h(166,24): warning C4267: '=': conversion from 'size_t' to 'int', possible loss of data
  (compiling source file '../main.cpp')
  
C:\Users\prmat\OneDrive - Ecole Polytechnique\Documents\11_Python\Tout\NPM3D\Project\Fast-Robust-ICP\ICP.h(898,34): warning C4244: 'initializing': conversion from 'Eigen::EigenBase<Derived>::Index' to 'int', possible loss of data
C:\Users\prmat\OneDrive - Ecole Polytechnique\Documents\11_Python\Tout\NPM3D\Project\Fast-Robust-ICP\ICP.h(898,34): warning C4244:         with
C:\Users\prmat\OneDrive - Ecole Polytechnique\Documents\11_Python\Tout\NPM3D\Project\Fast-Robust-ICP\ICP.h(898,34): warning C4244:         [
C:\Users\prmat\OneDrive - Ecole Polytechnique\Documents\11_Python\Tout\NPM3D\Project\Fast-Robust-ICP\ICP.h(898,34): warning C4244:             Derived=Eigen::Matrix<double,3,-1,0,3,-1>
C:\Users\prmat\OneDrive - Ecole Polytechnique\Documents\11_Python\Tout\NPM3D\Project\Fast-Robust-ICP\ICP.h(898,34): warning C4244:         ]
  (compiling source file '../main.cpp')
      C:\Users\prmat\OneDrive - Ecole Polytechnique\Documents\11_Python\Tout\NPM3D\Project\Fast-Robust-ICP\ICP.h(898,34):
      the template instantiation context (the oldest one first) is
          C:\Users\prmat\OneDrive - Ecole Polytechnique\Documents\11_Python\Tout\NPM3D\Project\Fast-Robust-ICP\main.cpp(107,16):
          see reference to function template instantiation 'void AAICP::point_to_point_aaicp<Derived,Derived,Eigen::Matrix<double,3,1,0,3,1>>(Eigen::MatrixBase<Derived> &,Eigen::MatrixBase<Derived> &,Eigen::MatrixBase<Eigen::Matrix<double,3,1,0,3,1>> &,Eigen::MatrixBase<Eigen::Matrix<double,3,1,0,3,1>> &,ICP::Parameters &)' being compiled
          with
          [
              Derived=Eigen::Matrix<double,3,-1,0,3,-1>
          ]
  
C:\Users\prmat\OneDrive - Ecole Polytechnique\Documents\11_Python\Tout\NPM3D\Project\Fast-Robust-ICP\ICP.h(287,21): warning C4244: 'initializing': conversion from 'Eigen::EigenBase<Derived>::Index' to 'int', possible loss of data
C:\Users\prmat\OneDrive - Ecole Polytechnique\Documents\11_Python\Tout\NPM3D\Project\Fast-Robust-ICP\ICP.h(287,21): warning C4244:         with
C:\Users\prmat\OneDrive - Ecole Polytechnique\Documents\11_Python\Tout\NPM3D\Project\Fast-Robust-ICP\ICP.h(287,21): warning C4244:         [
C:\Users\prmat\OneDrive - Ecole Polytechnique\Documents\11_Python\Tout\NPM3D\Project\Fast-Robust-ICP\ICP.h(287,21): warning C4244:             Derived=Eigen::Matrix<double,3,-1,0,3,-1>
C:\Users\prmat\OneDrive - Ecole Polytechnique\Documents\11_Python\Tout\NPM3D\Project\Fast-Robust-ICP\ICP.h(287,21): warning C4244:         ]
  (compiling source file '../main.cpp')
      C:\Users\prmat\OneDrive - Ecole Polytechnique\Documents\11_Python\Tout\NPM3D\Project\Fast-Robust-ICP\ICP.h(287,21):
      the template instantiation context (the oldest one first) is
          C:\Users\prmat\OneDrive - Ecole Polytechnique\Documents\11_Python\Tout\NPM3D\Project\Fast-Robust-ICP\main.cpp(156,15):
          see reference to function template instantiation 'void SICP::point_to_point<Derived,Derived>(Eigen::MatrixBase<Derived> &,Eigen::MatrixBase<Derived> &,Eigen::Vector3d &,Eigen::Vector3d &,SICP::Parameters &)' being compiled
          with
          [
              Derived=Eigen::Matrix<double,3,-1,0,3,-1>
          ]
  
C:\Users\prmat\OneDrive - Ecole Polytechnique\Documents\11_Python\Tout\NPM3D\Project\Fast-Robust-ICP\ICP.h(401,21): warning C4244: 'initializing': conversion from 'Eigen::EigenBase<Derived>::Index' to 'int', possible loss of data
C:\Users\prmat\OneDrive - Ecole Polytechnique\Documents\11_Python\Tout\NPM3D\Project\Fast-Robust-ICP\ICP.h(401,21): warning C4244:         with
C:\Users\prmat\OneDrive - Ecole Polytechnique\Documents\11_Python\Tout\NPM3D\Project\Fast-Robust-ICP\ICP.h(401,21): warning C4244:         [
C:\Users\prmat\OneDrive - Ecole Polytechnique\Documents\11_Python\Tout\NPM3D\Project\Fast-Robust-ICP\ICP.h(401,21): warning C4244:             Derived=Eigen::Matrix<double,3,-1,0,3,-1>
C:\Users\prmat\OneDrive - Ecole Polytechnique\Documents\11_Python\Tout\NPM3D\Project\Fast-Robust-ICP\ICP.h(401,21): warning C4244:         ]
  (compiling source file '../main.cpp')
      C:\Users\prmat\OneDrive - Ecole Polytechnique\Documents\11_Python\Tout\NPM3D\Project\Fast-Robust-ICP\ICP.h(401,21):
      the template instantiation context (the oldest one first) is
          C:\Users\prmat\OneDrive - Ecole Polytechnique\Documents\11_Python\Tout\NPM3D\Project\Fast-Robust-ICP\main.cpp(167,15):
          see reference to function template instantiation 'void SICP::point_to_plane<Derived,Derived,Derived>(Eigen::MatrixBase<Derived> &,Eigen::MatrixBase<Derived> &,Eigen::MatrixBase<Derived> &,Eigen::Vector3d,Eigen::Vector3d,SICP::Parameters &)' being compiled
          with
          [
              Derived=Eigen::Matrix<double,3,-1,0,3,-1>
          ]
  
C:\Users\prmat\OneDrive - Ecole Polytechnique\Documents\11_Python\Tout\NPM3D\Project\Fast-Robust-ICP\FRICP.h(394,21): warning C4244: 'initializing': conversion from 'Eigen::EigenBase<Derived>::Index' to 'int', possible loss of data
C:\Users\prmat\OneDrive - Ecole Polytechnique\Documents\11_Python\Tout\NPM3D\Project\Fast-Robust-ICP\FRICP.h(394,21): warning C4244:         with
C:\Users\prmat\OneDrive - Ecole Polytechnique\Documents\11_Python\Tout\NPM3D\Project\Fast-Robust-ICP\FRICP.h(394,21): warning C4244:         [
C:\Users\prmat\OneDrive - Ecole Polytechnique\Documents\11_Python\Tout\NPM3D\Project\Fast-Robust-ICP\FRICP.h(394,21): warning C4244:             Derived=Eigen::Matrix<double,3,-1,0,3,-1>
C:\Users\prmat\OneDrive - Ecole Polytechnique\Documents\11_Python\Tout\NPM3D\Project\Fast-Robust-ICP\FRICP.h(394,21): warning C4244:         ]
  (compiling source file '../main.cpp')
      C:\Users\prmat\OneDrive - Ecole Polytechnique\Documents\11_Python\Tout\NPM3D\Project\Fast-Robust-ICP\FRICP.h(394,21):
      the template instantiation context (the oldest one first) is
          C:\Users\prmat\OneDrive - Ecole Polytechnique\Documents\11_Python\Tout\NPM3D\Project\Fast-Robust-ICP\main.cpp(92,14):
          see reference to class template instantiation 'FRICP<3>' being compiled
          C:\Users\prmat\OneDrive - Ecole Polytechnique\Documents\11_Python\Tout\NPM3D\Project\Fast-Robust-ICP\FRICP.h(382,10):
          while compiling class template member function 'void FRICP<3>::point_to_point(Eigen::Matrix<double,3,-1,0,3,-1> &,Eigen::Matrix<double,3,-1,0,3,-1> &,Eigen::Matrix<double,3,1,0,3,1> &,Eigen::Matrix<double,3,1,0,3,1> &,ICP::Parameters &)'
              C:\Users\prmat\OneDrive - Ecole Polytechnique\Documents\11_Python\Tout\NPM3D\Project\Fast-Robust-ICP\main.cpp(101,29):
              see the first reference to 'FRICP<3>::point_to_point' in 'main'
  
C:\Users\prmat\OneDrive - Ecole Polytechnique\Documents\11_Python\Tout\NPM3D\Project\Fast-Robust-ICP\io_pc.h(17,16): warning C4996: 'fopen': This function or variable may be unsafe. Consider using fopen_s instead. To disable deprecation, use _CRT_SECURE_NO_WARNINGS. See online help for details.
  (compiling source file '../main.cpp')
      C:\Users\prmat\OneDrive - Ecole Polytechnique\Documents\11_Python\Tout\NPM3D\Project\Fast-Robust-ICP\io_pc.h(17,16):
      the template instantiation context (the oldest one first) is
          C:\Users\prmat\OneDrive - Ecole Polytechnique\Documents\11_Python\Tout\NPM3D\Project\Fast-Robust-ICP\main.cpp(45,5):
          see reference to function template instantiation 'bool read_file<main::Vertices>(MatrixType &,MatrixType &,MatrixType &,const std::string &)' being compiled
          with
          [
              MatrixType=main::Vertices
          ]
          C:\Users\prmat\OneDrive - Ecole Polytechnique\Documents\11_Python\Tout\NPM3D\Project\Fast-Robust-ICP\io_pc.h(374,16):
          see reference to function template instantiation 'bool read_obj<MatrixType>(MatrixType &,MatrixType &,MatrixType &,const std::string &,int)' being compiled
          with
          [
              MatrixType=main::Vertices
          ]
  
C:\Users\prmat\OneDrive - Ecole Polytechnique\Documents\11_Python\Tout\NPM3D\Project\Fast-Robust-ICP\io_pc.h(49,17): warning C4996: 'sscanf': This function or variable may be unsafe. Consider using sscanf_s instead. To disable deprecation, use _CRT_SECURE_NO_WARNINGS. See online help for details.
  (compiling source file '../main.cpp')
  
C:\Users\prmat\OneDrive - Ecole Polytechnique\Documents\11_Python\Tout\NPM3D\Project\Fast-Robust-ICP\io_pc.h(63,17): warning C4996: 'sscanf': This function or variable may be unsafe. Consider using sscanf_s instead. To disable deprecation, use _CRT_SECURE_NO_WARNINGS. See online help for details.
  (compiling source file '../main.cpp')
  
C:\Users\prmat\OneDrive - Ecole Polytechnique\Documents\11_Python\Tout\NPM3D\Project\Fast-Robust-ICP\io_pc.h(76,22): warning C4996: 'sscanf': This function or variable may be unsafe. Consider using sscanf_s instead. To disable deprecation, use _CRT_SECURE_NO_WARNINGS. See online help for details.
  (compiling source file '../main.cpp')
  
C:\Users\prmat\OneDrive - Ecole Polytechnique\Documents\11_Python\Tout\NPM3D\Project\Fast-Robust-ICP\io_pc.h(192,16): warning C4996: 'fopen': This function or variable may be unsafe. Consider using fopen_s instead. To disable deprecation, use _CRT_SECURE_NO_WARNINGS. See online help for details.
  (compiling source file '../main.cpp')
      C:\Users\prmat\OneDrive - Ecole Polytechnique\Documents\11_Python\Tout\NPM3D\Project\Fast-Robust-ICP\io_pc.h(192,16):
      the template instantiation context (the oldest one first) is
          C:\Users\prmat\OneDrive - Ecole Polytechnique\Documents\11_Python\Tout\NPM3D\Project\Fast-Robust-ICP\io_pc.h(378,16):
          see reference to function template instantiation 'bool read_ply<MatrixType>(MatrixType &,MatrixType &,MatrixType &,const std::string &,int)' being compiled
          with
          [
              MatrixType=main::Vertices
          ]
  
C:\Users\prmat\OneDrive - Ecole Polytechnique\Documents\11_Python\Tout\NPM3D\Project\Fast-Robust-ICP\io_pc.h(204,13): warning C4996: 'sscanf': This function or variable may be unsafe. Consider using sscanf_s instead. To disable deprecation, use _CRT_SECURE_NO_WARNINGS. See online help for details.
  (compiling source file '../main.cpp')
  
C:\Users\prmat\OneDrive - Ecole Polytechnique\Documents\11_Python\Tout\NPM3D\Project\Fast-Robust-ICP\io_pc.h(242,16): warning C4996: 'sscanf': This function or variable may be unsafe. Consider using sscanf_s instead. To disable deprecation, use _CRT_SECURE_NO_WARNINGS. See online help for details.
  (compiling source file '../main.cpp')
  
C:\Users\prmat\OneDrive - Ecole Polytechnique\Documents\11_Python\Tout\NPM3D\Project\Fast-Robust-ICP\io_pc.h(254,20): warning C4996: 'sscanf': This function or variable may be unsafe. Consider using sscanf_s instead. To disable deprecation, use _CRT_SECURE_NO_WARNINGS. See online help for details.
  (compiling source file '../main.cpp')
  
C:\Users\prmat\OneDrive - Ecole Polytechnique\Documents\11_Python\Tout\NPM3D\Project\Fast-Robust-ICP\io_pc.h(267,21): warning C4996: 'sscanf': This function or variable may be unsafe. Consider using sscanf_s instead. To disable deprecation, use _CRT_SECURE_NO_WARNINGS. See online help for details.
  (compiling source file '../main.cpp')
  
C:\Users\prmat\OneDrive - Ecole Polytechnique\Documents\11_Python\Tout\NPM3D\Project\Fast-Robust-ICP\io_pc.h(282,16): warning C4996: 'sscanf': This function or variable may be unsafe. Consider using sscanf_s instead. To disable deprecation, use _CRT_SECURE_NO_WARNINGS. See online help for details.
  (compiling source file '../main.cpp')
  
C:\Users\prmat\OneDrive - Ecole Polytechnique\Documents\11_Python\Tout\NPM3D\Project\Fast-Robust-ICP\ICP.h(92,17): warning C4244: 'initializing': conversion from 'Eigen::EigenBase<Derived>::Index' to 'int', possible loss of data
C:\Users\prmat\OneDrive - Ecole Polytechnique\Documents\11_Python\Tout\NPM3D\Project\Fast-Robust-ICP\ICP.h(92,17): warning C4244:         with
C:\Users\prmat\OneDrive - Ecole Polytechnique\Documents\11_Python\Tout\NPM3D\Project\Fast-Robust-ICP\ICP.h(92,17): warning C4244:         [
C:\Users\prmat\OneDrive - Ecole Polytechnique\Documents\11_Python\Tout\NPM3D\Project\Fast-Robust-ICP\ICP.h(92,17): warning C4244:             Derived=Eigen::Matrix<double,3,-1,0,3,-1>
C:\Users\prmat\OneDrive - Ecole Polytechnique\Documents\11_Python\Tout\NPM3D\Project\Fast-Robust-ICP\ICP.h(92,17): warning C4244:         ]
  (compiling source file '../main.cpp')
      C:\Users\prmat\OneDrive - Ecole Polytechnique\Documents\11_Python\Tout\NPM3D\Project\Fast-Robust-ICP\ICP.h(92,17):
      the template instantiation context (the oldest one first) is
          C:\Users\prmat\OneDrive - Ecole Polytechnique\Documents\11_Python\Tout\NPM3D\Project\Fast-Robust-ICP\main.cpp(107,16):
          see reference to function template instantiation 'void AAICP::point_to_point_aaicp<Derived,Derived,Eigen::Matrix<double,3,1,0,3,1>>(Eigen::MatrixBase<Derived> &,Eigen::MatrixBase<Derived> &,Eigen::MatrixBase<Eigen::Matrix<double,3,1,0,3,1>> &,Eigen::MatrixBase<Eigen::Matrix<double,3,1,0,3,1>> &,ICP::Parameters &)' being compiled
          with
          [
              Derived=Eigen::Matrix<double,3,-1,0,3,-1>
          ]
          C:\Users\prmat\OneDrive - Ecole Polytechnique\Documents\11_Python\Tout\NPM3D\Project\Fast-Robust-ICP\ICP.h(922,48):
          see reference to function template instantiation 'Eigen::Affine3d RigidMotionEstimator::point_to_point<Derived,Derived,Eigen::Matrix<double,-1,1,0,-1,1>>(Eigen::MatrixBase<Derived> &,Eigen::MatrixBase<Derived> &,const Eigen::MatrixBase<Eigen::Matrix<double,-1,1,0,-1,1>> &)' being compiled
          with
          [
              Derived=Eigen::Matrix<double,3,-1,0,3,-1>
          ]
  
C:\Users\prmat\OneDrive - Ecole Polytechnique\Documents\11_Python\Tout\NPM3D\Project\Fast-Robust-ICP\io_pc.h(106,17): warning C4996: 'fopen': This function or variable may be unsafe. Consider using fopen_s instead. To disable deprecation, use _CRT_SECURE_NO_WARNINGS. See online help for details.
  (compiling source file '../main.cpp')
      C:\Users\prmat\OneDrive - Ecole Polytechnique\Documents\11_Python\Tout\NPM3D\Project\Fast-Robust-ICP\io_pc.h(106,17):
      the template instantiation context (the oldest one first) is
          C:\Users\prmat\OneDrive - Ecole Polytechnique\Documents\11_Python\Tout\NPM3D\Project\Fast-Robust-ICP\main.cpp(189,5):
          see reference to function template instantiation 'bool write_file<main::Vertices>(const std::string &,const MatrixType &,const MatrixType &,const MatrixType &,const std::string &)' being compiled
          with
          [
              MatrixType=main::Vertices
          ]
          C:\Users\prmat\OneDrive - Ecole Polytechnique\Documents\11_Python\Tout\NPM3D\Project\Fast-Robust-ICP\io_pc.h(391,16):
          see reference to function template instantiation 'bool write_obj_replaceverts<MatrixType>(const std::string &,const MatrixType &,const MatrixType &,const MatrixType &,const std::string &)' being compiled
          with
          [
              MatrixType=main::Vertices
          ]
  
C:\Users\prmat\OneDrive - Ecole Polytechnique\Documents\11_Python\Tout\NPM3D\Project\Fast-Robust-ICP\io_pc.h(107,16): warning C4996: 'fopen': This function or variable may be unsafe. Consider using fopen_s instead. To disable deprecation, use _CRT_SECURE_NO_WARNINGS. See online help for details.
  (compiling source file '../main.cpp')
  
C:\Users\prmat\OneDrive - Ecole Polytechnique\Documents\11_Python\Tout\NPM3D\Project\Fast-Robust-ICP\io_pc.h(318,31): warning C4244: '=': conversion from 'Eigen::EigenBase<Derived>::Index' to 'int', possible loss of data
C:\Users\prmat\OneDrive - Ecole Polytechnique\Documents\11_Python\Tout\NPM3D\Project\Fast-Robust-ICP\io_pc.h(318,31): warning C4244:         with
C:\Users\prmat\OneDrive - Ecole Polytechnique\Documents\11_Python\Tout\NPM3D\Project\Fast-Robust-ICP\io_pc.h(318,31): warning C4244:         [
C:\Users\prmat\OneDrive - Ecole Polytechnique\Documents\11_Python\Tout\NPM3D\Project\Fast-Robust-ICP\io_pc.h(318,31): warning C4244:             Derived=Eigen::Matrix<double,3,-1,0,3,-1>
C:\Users\prmat\OneDrive - Ecole Polytechnique\Documents\11_Python\Tout\NPM3D\Project\Fast-Robust-ICP\io_pc.h(318,31): warning C4244:         ]
  (compiling source file '../main.cpp')
      C:\Users\prmat\OneDrive - Ecole Polytechnique\Documents\11_Python\Tout\NPM3D\Project\Fast-Robust-ICP\io_pc.h(318,31):
      the template instantiation context (the oldest one first) is
          C:\Users\prmat\OneDrive - Ecole Polytechnique\Documents\11_Python\Tout\NPM3D\Project\Fast-Robust-ICP\io_pc.h(395,16):
          see reference to function template instantiation 'bool write_ply<const MatrixType>(MatrixType &,MatrixType &,MatrixType &,const std::string &)' being compiled
          with
          [
              MatrixType=main::Vertices
          ]
  
C:\Users\prmat\OneDrive - Ecole Polytechnique\Documents\11_Python\Tout\NPM3D\Project\Fast-Robust-ICP\io_pc.h(341,17): warning C4996: 'fopen': This function or variable may be unsafe. Consider using fopen_s instead. To disable deprecation, use _CRT_SECURE_NO_WARNINGS. See online help for details.
  (compiling source file '../main.cpp')
  
C:\Users\prmat\OneDrive - Ecole Polytechnique\Documents\11_Python\Tout\NPM3D\Project\Fast-Robust-ICP\FRICP.h(180,17): warning C4244: 'initializing': conversion from 'Eigen::EigenBase<Derived>::Index' to 'int', possible loss of data
C:\Users\prmat\OneDrive - Ecole Polytechnique\Documents\11_Python\Tout\NPM3D\Project\Fast-Robust-ICP\FRICP.h(180,17): warning C4244:         with
C:\Users\prmat\OneDrive - Ecole Polytechnique\Documents\11_Python\Tout\NPM3D\Project\Fast-Robust-ICP\FRICP.h(180,17): warning C4244:         [
C:\Users\prmat\OneDrive - Ecole Polytechnique\Documents\11_Python\Tout\NPM3D\Project\Fast-Robust-ICP\FRICP.h(180,17): warning C4244:             Derived=Eigen::Matrix<double,3,-1,0,3,-1>
C:\Users\prmat\OneDrive - Ecole Polytechnique\Documents\11_Python\Tout\NPM3D\Project\Fast-Robust-ICP\FRICP.h(180,17): warning C4244:         ]
  (compiling source file '../main.cpp')
      C:\Users\prmat\OneDrive - Ecole Polytechnique\Documents\11_Python\Tout\NPM3D\Project\Fast-Robust-ICP\FRICP.h(180,17):
      the template instantiation context (the oldest one first) is
          C:\Users\prmat\OneDrive - Ecole Polytechnique\Documents\11_Python\Tout\NPM3D\Project\Fast-Robust-ICP\FRICP.h(382,10):
          while compiling class template member function 'void FRICP<3>::point_to_point(Eigen::Matrix<double,3,-1,0,3,-1> &,Eigen::Matrix<double,3,-1,0,3,-1> &,Eigen::Matrix<double,3,1,0,3,1> &,Eigen::Matrix<double,3,1,0,3,1> &,ICP::Parameters &)'
              C:\Users\prmat\OneDrive - Ecole Polytechnique\Documents\11_Python\Tout\NPM3D\Project\Fast-Robust-ICP\main.cpp(101,29):
              see the first reference to 'FRICP<3>::point_to_point' in 'main'
          C:\Users\prmat\OneDrive - Ecole Polytechnique\Documents\11_Python\Tout\NPM3D\Project\Fast-Robust-ICP\FRICP.h(492,21):
          see reference to function template instantiation 'Eigen::Transform<double,3,2,0> FRICP<3>::point_to_point<Derived,Derived,Eigen::Matrix<double,-1,1,0,-1,1>>(Eigen::MatrixBase<Derived> &,Eigen::MatrixBase<Derived> &,const Eigen::MatrixBase<Eigen::Matrix<double,-1,1,0,-1,1>> &)' being compiled
          with
          [
              Derived=Eigen::Matrix<double,3,-1,0,3,-1>
          ]
  
C:\Users\prmat\OneDrive - Ecole Polytechnique\Documents\11_Python\Tout\NPM3D\Project\Fast-Robust-ICP\ICP.h(44,103): warning C4267: 'argument': conversion from 'size_t' to 'int', possible loss of data
  (compiling source file '../main.cpp')
      C:\Users\prmat\OneDrive - Ecole Polytechnique\Documents\11_Python\Tout\NPM3D\Project\Fast-Robust-ICP\ICP.h(44,103):
      the template instantiation context (the oldest one first) is
          C:\Users\prmat\OneDrive - Ecole Polytechnique\Documents\11_Python\Tout\NPM3D\Project\Fast-Robust-ICP\ICP.h(845,103):
          see reference to class template instantiation 'nanoflann::KDTreeAdaptor<Eigen::MatrixBase<Derived>,3,nanoflann::metric_L2_Simple,int>' being compiled
          with
          [
              Derived=Eigen::Matrix<double,3,-1,0,3,-1>
          ]
          C:\Users\prmat\OneDrive - Ecole Polytechnique\Documents\11_Python\Tout\NPM3D\Project\Fast-Robust-ICP\ICP.h(42,9):
          while compiling class template member function 'nanoflann::KDTreeAdaptor<Eigen::MatrixBase<Derived>,3,nanoflann::metric_L2_Simple,int>::KDTreeAdaptor(const MatrixType &,const int)'
          with
          [
              Derived=Eigen::Matrix<double,3,-1,0,3,-1>,
              MatrixType=Eigen::MatrixBase<Eigen::Matrix<double,3,-1,0,3,-1>>
          ]
              C:\Users\prmat\OneDrive - Ecole Polytechnique\Documents\11_Python\Tout\NPM3D\Project\Fast-Robust-ICP\ICP.h(845,109):
              see the first reference to 'nanoflann::KDTreeAdaptor<Eigen::MatrixBase<Derived>,3,nanoflann::metric_L2_Simple,int>::KDTreeAdaptor' in 'AAICP::point_to_point_aaicp'
          with
          [
              Derived=Eigen::Matrix<double,3,-1,0,3,-1>
          ]
  
C:\Users\prmat\OneDrive - Ecole Polytechnique\Documents\11_Python\Tout\NPM3D\Project\Fast-Robust-ICP\ICP.h(44,33): warning C4267: 'argument': conversion from 'size_t' to 'const int', possible loss of data
  (compiling source file '../main.cpp')
  
C:\Users\prmat\OneDrive - Ecole Polytechnique\Documents\11_Python\Tout\NPM3D\Project\Fast-Robust-ICP\include\nanoflann.hpp(749,30): warning C4267: 'argument': conversion from 'size_t' to 'const IndexType', possible loss of data
C:\Users\prmat\OneDrive - Ecole Polytechnique\Documents\11_Python\Tout\NPM3D\Project\Fast-Robust-ICP\include\nanoflann.hpp(749,30): warning C4267:         with
C:\Users\prmat\OneDrive - Ecole Polytechnique\Documents\11_Python\Tout\NPM3D\Project\Fast-Robust-ICP\include\nanoflann.hpp(749,30): warning C4267:         [
C:\Users\prmat\OneDrive - Ecole Polytechnique\Documents\11_Python\Tout\NPM3D\Project\Fast-Robust-ICP\include\nanoflann.hpp(749,30): warning C4267:             IndexType=int
C:\Users\prmat\OneDrive - Ecole Polytechnique\Documents\11_Python\Tout\NPM3D\Project\Fast-Robust-ICP\include\nanoflann.hpp(749,30): warning C4267:         ]
  (compiling source file '../main.cpp')
      C:\Users\prmat\OneDrive - Ecole Polytechnique\Documents\11_Python\Tout\NPM3D\Project\Fast-Robust-ICP\include\nanoflann.hpp(749,30):
      the template instantiation context (the oldest one first) is
          C:\Users\prmat\OneDrive - Ecole Polytechnique\Documents\11_Python\Tout\NPM3D\Project\Fast-Robust-ICP\FRICP.h(714,10):
          while compiling class template member function 'void FRICP<3>::point_to_plane_GN(Eigen::Matrix3Xd &,Eigen::Matrix3Xd &,Eigen::Matrix3Xd &,Eigen::Matrix3Xd &,Eigen::Vector3d &,Eigen::Vector3d &,ICP::Parameters &)'
              C:\Users\prmat\OneDrive - Ecole Polytechnique\Documents\11_Python\Tout\NPM3D\Project\Fast-Robust-ICP\main.cpp(150,32):
              see the first reference to 'FRICP<3>::point_to_plane_GN' in 'main'
          C:\Users\prmat\OneDrive - Ecole Polytechnique\Documents\11_Python\Tout\NPM3D\Project\Fast-Robust-ICP\FRICP.h(719,16):
          see reference to class template instantiation 'nanoflann::KDTreeAdaptor<Eigen::Matrix<double,3,-1,0,3,-1>,3,nanoflann::metric_L2_Simple,int>' being compiled
          C:\Users\prmat\OneDrive - Ecole Polytechnique\Documents\11_Python\Tout\NPM3D\Project\Fast-Robust-ICP\ICP.h(47,10):
          while compiling class template member function 'nanoflann::KDTreeAdaptor<Eigen::Matrix<double,3,-1,0,3,-1>,3,nanoflann::metric_L2_Simple,int>::~KDTreeAdaptor(void)'
              C:\Users\prmat\OneDrive - Ecole Polytechnique\Documents\11_Python\Tout\NPM3D\Project\Fast-Robust-ICP\FRICP.h(719,22):
              see the first reference to 'nanoflann::KDTreeAdaptor<Eigen::Matrix<double,3,-1,0,3,-1>,3,nanoflann::metric_L2_Simple,int>::~KDTreeAdaptor' in 'FRICP<3>::point_to_plane_GN'
              C:\Users\prmat\OneDrive - Ecole Polytechnique\Documents\11_Python\Tout\NPM3D\Project\Fast-Robust-ICP\main.cpp(150,32):
              see the first reference to 'FRICP<3>::point_to_plane_GN' in 'main'
          C:\Users\prmat\OneDrive - Ecole Polytechnique\Documents\11_Python\Tout\NPM3D\Project\Fast-Robust-ICP\ICP.h(47,28):
          see reference to class template instantiation 'nanoflann::KDTreeSingleIndexAdaptor<nanoflann::L2_Simple_Adaptor<T,DataSource,T>,nanoflann::KDTreeAdaptor<Eigen::Matrix<double,3,-1,0,3,-1>,3,nanoflann::metric_L2_Simple,int>,3,IndexType>' being compiled
          with
          [
              T=double,
              DataSource=nanoflann::KDTreeAdaptor<Eigen::Matrix<double,3,-1,0,3,-1>,3,nanoflann::metric_L2_Simple,int>,
              IndexType=int
          ]
          C:\Users\prmat\OneDrive - Ecole Polytechnique\Documents\11_Python\Tout\NPM3D\Project\Fast-Robust-ICP\include\nanoflann.hpp(745,8):
          while compiling class template member function 'void nanoflann::KDTreeSingleIndexAdaptor<nanoflann::L2_Simple_Adaptor<T,DataSource,T>,nanoflann::KDTreeAdaptor<Eigen::Matrix<double,3,-1,0,3,-1>,3,nanoflann::metric_L2_Simple,int>,3,IndexType>::buildIndex(void)'
          with
          [
              T=double,
              DataSource=nanoflann::KDTreeAdaptor<Eigen::Matrix<double,3,-1,0,3,-1>,3,nanoflann::metric_L2_Simple,int>,
              IndexType=int
          ]
              C:\Users\prmat\OneDrive - Ecole Polytechnique\Documents\11_Python\Tout\NPM3D\Project\Fast-Robust-ICP\ICP.h(45,30):
              see the first reference to 'nanoflann::KDTreeSingleIndexAdaptor<nanoflann::L2_Simple_Adaptor<T,DataSource,T>,nanoflann::KDTreeAdaptor<Eigen::Matrix<double,3,-1,0,3,-1>,3,nanoflann::metric_L2_Simple,int>,3,IndexType>::buildIndex' in 'nanoflann::KDTreeAdaptor<Eigen::Matrix<double,3,-1,0,3,-1>,3,nanoflann::metric_L2_Simple,int>::KDTreeAdaptor'
          with
          [
              T=double,
              DataSource=nanoflann::KDTreeAdaptor<Eigen::Matrix<double,3,-1,0,3,-1>,3,nanoflann::metric_L2_Simple,int>,
              IndexType=int
          ]
              C:\Users\prmat\OneDrive - Ecole Polytechnique\Documents\11_Python\Tout\NPM3D\Project\Fast-Robust-ICP\FRICP.h(719,22):
              see the first reference to 'nanoflann::KDTreeAdaptor<Eigen::Matrix<double,3,-1,0,3,-1>,3,nanoflann::metric_L2_Simple,int>::KDTreeAdaptor' in 'FRICP<3>::point_to_plane_GN'
              C:\Users\prmat\OneDrive - Ecole Polytechnique\Documents\11_Python\Tout\NPM3D\Project\Fast-Robust-ICP\main.cpp(150,32):
              see the first reference to 'FRICP<3>::point_to_plane_GN' in 'main'
  
C:\Users\prmat\OneDrive - Ecole Polytechnique\Documents\11_Python\Tout\NPM3D\Project\Fast-Robust-ICP\include\nanoflann.hpp(849,51): warning C4267: '=': conversion from 'size_t' to '_Ty', possible loss of data
C:\Users\prmat\OneDrive - Ecole Polytechnique\Documents\11_Python\Tout\NPM3D\Project\Fast-Robust-ICP\include\nanoflann.hpp(849,51): warning C4267:         with
C:\Users\prmat\OneDrive - Ecole Polytechnique\Documents\11_Python\Tout\NPM3D\Project\Fast-Robust-ICP\include\nanoflann.hpp(849,51): warning C4267:         [
C:\Users\prmat\OneDrive - Ecole Polytechnique\Documents\11_Python\Tout\NPM3D\Project\Fast-Robust-ICP\include\nanoflann.hpp(849,51): warning C4267:             _Ty=int
C:\Users\prmat\OneDrive - Ecole Polytechnique\Documents\11_Python\Tout\NPM3D\Project\Fast-Robust-ICP\include\nanoflann.hpp(849,51): warning C4267:         ]
  (compiling source file '../main.cpp')
      C:\Users\prmat\OneDrive - Ecole Polytechnique\Documents\11_Python\Tout\NPM3D\Project\Fast-Robust-ICP\include\nanoflann.hpp(849,51):
      the template instantiation context (the oldest one first) is
          C:\Users\prmat\OneDrive - Ecole Polytechnique\Documents\11_Python\Tout\NPM3D\Project\Fast-Robust-ICP\include\nanoflann.hpp(842,8):
          while compiling class template member function 'void nanoflann::KDTreeSingleIndexAdaptor<nanoflann::L2_Simple_Adaptor<T,DataSource,T>,nanoflann::KDTreeAdaptor<Eigen::Matrix<double,3,-1,0,3,-1>,3,nanoflann::metric_L2_Simple,int>,3,IndexType>::init_vind(void)'
          with
          [
              T=double,
              DataSource=nanoflann::KDTreeAdaptor<Eigen::Matrix<double,3,-1,0,3,-1>,3,nanoflann::metric_L2_Simple,int>,
              IndexType=int
          ]
              C:\Users\prmat\OneDrive - Ecole Polytechnique\Documents\11_Python\Tout\NPM3D\Project\Fast-Robust-ICP\include\nanoflann.hpp(747,13):
              see the first reference to 'nanoflann::KDTreeSingleIndexAdaptor<nanoflann::L2_Simple_Adaptor<T,DataSource,T>,nanoflann::KDTreeAdaptor<Eigen::Matrix<double,3,-1,0,3,-1>,3,nanoflann::metric_L2_Simple,int>,3,IndexType>::init_vind' in 'nanoflann::KDTreeSingleIndexAdaptor<nanoflann::L2_Simple_Adaptor<T,DataSource,T>,nanoflann::KDTreeAdaptor<Eigen::Matrix<double,3,-1,0,3,-1>,3,nanoflann::metric_L2_Simple,int>,3,IndexType>::buildIndex'
          with
          [
              T=double,
              DataSource=nanoflann::KDTreeAdaptor<Eigen::Matrix<double,3,-1,0,3,-1>,3,nanoflann::metric_L2_Simple,int>,
              IndexType=int
          ]
              C:\Users\prmat\OneDrive - Ecole Polytechnique\Documents\11_Python\Tout\NPM3D\Project\Fast-Robust-ICP\ICP.h(45,30):
              see the first reference to 'nanoflann::KDTreeSingleIndexAdaptor<nanoflann::L2_Simple_Adaptor<T,DataSource,T>,nanoflann::KDTreeAdaptor<Eigen::Matrix<double,3,-1,0,3,-1>,3,nanoflann::metric_L2_Simple,int>,3,IndexType>::buildIndex' in 'nanoflann::KDTreeAdaptor<Eigen::Matrix<double,3,-1,0,3,-1>,3,nanoflann::metric_L2_Simple,int>::KDTreeAdaptor'
          with
          [
              T=double,
              DataSource=nanoflann::KDTreeAdaptor<Eigen::Matrix<double,3,-1,0,3,-1>,3,nanoflann::metric_L2_Simple,int>,
              IndexType=int
          ]
              C:\Users\prmat\OneDrive - Ecole Polytechnique\Documents\11_Python\Tout\NPM3D\Project\Fast-Robust-ICP\FRICP.h(719,22):
              see the first reference to 'nanoflann::KDTreeAdaptor<Eigen::Matrix<double,3,-1,0,3,-1>,3,nanoflann::metric_L2_Simple,int>::KDTreeAdaptor' in 'FRICP<3>::point_to_plane_GN'
              C:\Users\prmat\OneDrive - Ecole Polytechnique\Documents\11_Python\Tout\NPM3D\Project\Fast-Robust-ICP\main.cpp(150,32):
              see the first reference to 'FRICP<3>::point_to_plane_GN' in 'main'
  
C:\Users\prmat\OneDrive - Ecole Polytechnique\Documents\11_Python\Tout\NPM3D\Project\Fast-Robust-ICP\io_pc.h(401,1): warning C4715: 'write_file<Eigen::Matrix<double,3,-1,0,3,-1> >': not all control paths return a value
C:\Users\prmat\OneDrive - Ecole Polytechnique\Documents\11_Python\Tout\NPM3D\Project\Fast-Robust-ICP\io_pc.h(384,1): warning C4715: 'read_file<Eigen::Matrix<double,3,-1,0,3,-1> >': not all control paths return a value
  FRICP.vcxproj -> C:\Users\prmat\OneDrive - Ecole Polytechnique\Documents\11_Python\Tout\NPM3D\Project\Fast-Robust-ICP\build\Release\FRICP.exe
